2025-08-17 16:34:29 - [main] INFO  c.e.e.EurekaServerApplication   - Starting EurekaServerApplication using Java 17.0.9 with PID 5348 (C:\Users\HANS\OneDrive\Documents\Java_Backend\ProyectoFinal_BackEnd\eureka-server\target\classes started by HANS in C:\Users\HANS\OneDrive\Documents\Java_Backend\ProyectoFinal_BackEnd\eureka-server)
2025-08-17 16:34:29 - [main] INFO  c.e.e.EurekaServerApplication   - No active profile set, falling back to 1 default profile: "default"
2025-08-17 16:34:30 - [main] INFO  o.s.cloud.context.scope.GenericScope   - BeanFactory id=a065ca1d-2727-378c-abf3-f1c1b4626ccf
2025-08-17 16:34:31 - [main] INFO  o.s.b.w.e.tomcat.TomcatWebServer   - Tomcat initialized with port(s): 8761 (http)
2025-08-17 16:34:31 - [main] INFO  o.a.catalina.core.StandardService   - Starting service [Tomcat]
2025-08-17 16:34:31 - [main] INFO  o.a.catalina.core.StandardEngine   - Starting Servlet engine: [Apache Tomcat/10.1.18]
2025-08-17 16:34:31 - [main] INFO  o.a.c.c.C.[Tomcat].[localhost].[/]   - Initializing Spring embedded WebApplicationContext
2025-08-17 16:34:31 - [main] INFO  o.s.b.w.s.c.ServletWebServerApplicationContext   - Root WebApplicationContext: initialization completed in 1346 ms
2025-08-17 16:34:32 - [main] INFO  c.n.d.p.DiscoveryJerseyProvider   - Using JSON encoding codec LegacyJacksonJson
2025-08-17 16:34:32 - [main] INFO  c.n.d.p.DiscoveryJerseyProvider   - Using JSON decoding codec LegacyJacksonJson
2025-08-17 16:34:32 - [main] INFO  c.n.d.p.DiscoveryJerseyProvider   - Using XML encoding codec XStreamXml
2025-08-17 16:34:32 - [main] INFO  c.n.d.p.DiscoveryJerseyProvider   - Using XML decoding codec XStreamXml
2025-08-17 16:34:33 - [main] WARN  o.s.c.l.c.LoadBalancerCacheAutoConfiguration$LoadBalancerCaffeineWarnLogger   - Spring Cloud LoadBalancer is currently working with the default cache. While this cache implementation is useful for development and tests, it's recommended to use Caffeine cache in production.You can switch to using Caffeine cache, by adding it and org.springframework.cache.caffeine.CaffeineCacheManager to the classpath.
2025-08-17 16:34:33 - [main] INFO  o.s.c.n.eureka.InstanceInfoFactory   - Setting initial instance status as: STARTING
2025-08-17 16:34:33 - [main] INFO  c.netflix.discovery.DiscoveryClient   - Initializing Eureka in region us-east-1
2025-08-17 16:34:33 - [main] INFO  c.netflix.discovery.DiscoveryClient   - Client configured to neither register nor query for data.
2025-08-17 16:34:33 - [main] INFO  c.netflix.discovery.DiscoveryClient   - Discovery Client initialized at timestamp 1755466473344 with initial instances count: 0
2025-08-17 16:34:33 - [main] INFO  c.n.e.DefaultEurekaServerContext   - Initializing ...
2025-08-17 16:34:33 - [main] WARN  c.n.eureka.cluster.PeerEurekaNodes   - The replica size seems to be empty. Check the route 53 DNS Registry
2025-08-17 16:34:33 - [main] INFO  c.n.e.r.AbstractInstanceRegistry   - Finished initializing remote region registries. All known remote regions: []
2025-08-17 16:34:33 - [main] INFO  c.n.e.DefaultEurekaServerContext   - Initialized
2025-08-17 16:34:33 - [main] INFO  o.s.b.a.e.web.EndpointLinksResolver   - Exposing 1 endpoint(s) beneath base path '/actuator'
2025-08-17 16:34:33 - [main] INFO  o.s.c.n.e.s.EurekaServiceRegistry   - Registering application EUREKA-SERVER with eureka with status UP
2025-08-17 16:34:33 - [Thread-9] INFO  o.s.c.n.e.s.EurekaServerBootstrap   - isAws returned false
2025-08-17 16:34:33 - [Thread-9] INFO  o.s.c.n.e.s.EurekaServerBootstrap   - Initialized server context
2025-08-17 16:34:33 - [Thread-9] INFO  c.n.e.r.PeerAwareInstanceRegistryImpl   - Got 1 instances from neighboring DS node
2025-08-17 16:34:33 - [Thread-9] INFO  c.n.e.r.PeerAwareInstanceRegistryImpl   - Renew threshold is: 1
2025-08-17 16:34:33 - [Thread-9] INFO  c.n.e.r.PeerAwareInstanceRegistryImpl   - Changing status to UP
2025-08-17 16:34:33 - [Thread-9] INFO  o.s.c.n.e.s.EurekaServerInitializerConfiguration   - Started Eureka Server
2025-08-17 16:34:33 - [main] INFO  o.s.b.w.e.tomcat.TomcatWebServer   - Tomcat started on port(s): 8761 (http) with context path ''
2025-08-17 16:34:33 - [main] INFO  o.s.c.n.e.s.EurekaAutoServiceRegistration   - Updating port to 8761
2025-08-17 16:34:33 - [main] INFO  c.e.e.EurekaServerApplication   - Started EurekaServerApplication in 4.344 seconds (process running for 4.81)
2025-08-17 16:34:33 - [main] INFO  c.e.e.EurekaServerApplication   - Eureka Server started successfully
2025-08-17 16:34:43 - [Eureka-EvictionTimer] INFO  c.n.e.r.AbstractInstanceRegistry   - Running the evict task with compensationTime 0ms
2025-08-17 16:34:53 - [Eureka-EvictionTimer] INFO  c.n.e.r.AbstractInstanceRegistry   - Running the evict task with compensationTime 0ms
2025-08-17 16:35:02 - [http-nio-8761-exec-1] INFO  o.a.c.c.C.[Tomcat].[localhost].[/]   - Initializing Spring DispatcherServlet 'dispatcherServlet'
2025-08-17 16:35:02 - [http-nio-8761-exec-1] INFO  o.s.web.servlet.DispatcherServlet   - Initializing Servlet 'dispatcherServlet'
2025-08-17 16:35:02 - [http-nio-8761-exec-1] INFO  o.s.web.servlet.DispatcherServlet   - Completed initialization in 1 ms
2025-08-17 16:35:02 - [http-nio-8761-exec-2] INFO  c.n.e.r.AbstractInstanceRegistry   - Registered instance PAYMENT-SERVICE/MSI:payment-service:8082 with status UP (replication=false)
2025-08-17 16:35:03 - [Eureka-EvictionTimer] INFO  c.n.e.r.AbstractInstanceRegistry   - Running the evict task with compensationTime 0ms
2025-08-17 16:35:13 - [Eureka-EvictionTimer] INFO  c.n.e.r.AbstractInstanceRegistry   - Running the evict task with compensationTime 4ms
2025-08-17 16:35:23 - [Eureka-EvictionTimer] INFO  c.n.e.r.AbstractInstanceRegistry   - Running the evict task with compensationTime 0ms
2025-08-17 16:35:33 - [Eureka-EvictionTimer] INFO  c.n.e.r.AbstractInstanceRegistry   - Running the evict task with compensationTime 5ms
2025-08-17 16:35:43 - [Eureka-EvictionTimer] INFO  c.n.e.r.AbstractInstanceRegistry   - Running the evict task with compensationTime 1ms
2025-08-17 16:35:53 - [Eureka-EvictionTimer] INFO  c.n.e.r.AbstractInstanceRegistry   - Running the evict task with compensationTime 13ms
2025-08-17 16:36:03 - [Eureka-EvictionTimer] INFO  c.n.e.r.AbstractInstanceRegistry   - Running the evict task with compensationTime 6ms
2025-08-17 16:36:13 - [Eureka-EvictionTimer] INFO  c.n.e.r.AbstractInstanceRegistry   - Running the evict task with compensationTime 15ms
2025-08-17 16:36:23 - [Eureka-EvictionTimer] INFO  c.n.e.r.AbstractInstanceRegistry   - Running the evict task with compensationTime 3ms
2025-08-17 16:36:33 - [Eureka-EvictionTimer] INFO  c.n.e.r.AbstractInstanceRegistry   - Running the evict task with compensationTime 12ms
2025-08-17 16:36:43 - [Eureka-EvictionTimer] INFO  c.n.e.r.AbstractInstanceRegistry   - Running the evict task with compensationTime 6ms
2025-08-17 16:36:53 - [Eureka-EvictionTimer] INFO  c.n.e.r.AbstractInstanceRegistry   - Running the evict task with compensationTime 1ms
2025-08-17 16:37:03 - [Eureka-EvictionTimer] INFO  c.n.e.r.AbstractInstanceRegistry   - Running the evict task with compensationTime 9ms
2025-08-17 16:37:13 - [Eureka-EvictionTimer] INFO  c.n.e.r.AbstractInstanceRegistry   - Running the evict task with compensationTime 14ms
2025-08-17 16:37:23 - [Eureka-EvictionTimer] INFO  c.n.e.r.AbstractInstanceRegistry   - Running the evict task with compensationTime 13ms
2025-08-17 16:37:33 - [Eureka-EvictionTimer] INFO  c.n.e.r.AbstractInstanceRegistry   - Running the evict task with compensationTime 14ms
2025-08-17 16:37:43 - [Eureka-EvictionTimer] INFO  c.n.e.r.AbstractInstanceRegistry   - Running the evict task with compensationTime 11ms
2025-08-17 16:37:53 - [Eureka-EvictionTimer] INFO  c.n.e.r.AbstractInstanceRegistry   - Running the evict task with compensationTime 6ms
2025-08-17 16:38:03 - [Eureka-EvictionTimer] INFO  c.n.e.r.AbstractInstanceRegistry   - Running the evict task with compensationTime 11ms
2025-08-17 16:38:13 - [Eureka-EvictionTimer] INFO  c.n.e.r.AbstractInstanceRegistry   - Running the evict task with compensationTime 3ms
2025-08-17 16:38:23 - [Eureka-EvictionTimer] INFO  c.n.e.r.AbstractInstanceRegistry   - Running the evict task with compensationTime 9ms
2025-08-17 16:38:33 - [Eureka-EvictionTimer] INFO  c.n.e.r.AbstractInstanceRegistry   - Running the evict task with compensationTime 6ms
2025-08-17 16:38:43 - [Eureka-EvictionTimer] INFO  c.n.e.r.AbstractInstanceRegistry   - Running the evict task with compensationTime 13ms
2025-08-17 16:38:53 - [Eureka-EvictionTimer] INFO  c.n.e.r.AbstractInstanceRegistry   - Running the evict task with compensationTime 5ms
2025-08-17 16:39:03 - [Eureka-EvictionTimer] INFO  c.n.e.r.AbstractInstanceRegistry   - Running the evict task with compensationTime 13ms
2025-08-17 16:39:13 - [Eureka-EvictionTimer] INFO  c.n.e.r.AbstractInstanceRegistry   - Running the evict task with compensationTime 7ms
2025-08-17 16:39:23 - [Eureka-EvictionTimer] INFO  c.n.e.r.AbstractInstanceRegistry   - Running the evict task with compensationTime 13ms
2025-08-17 16:39:33 - [Eureka-EvictionTimer] INFO  c.n.e.r.AbstractInstanceRegistry   - Running the evict task with compensationTime 2ms
2025-08-17 16:39:43 - [Eureka-EvictionTimer] INFO  c.n.e.r.AbstractInstanceRegistry   - Running the evict task with compensationTime 8ms
2025-08-17 16:39:53 - [Eureka-EvictionTimer] INFO  c.n.e.r.AbstractInstanceRegistry   - Running the evict task with compensationTime 2ms
2025-08-17 16:40:03 - [Eureka-EvictionTimer] INFO  c.n.e.r.AbstractInstanceRegistry   - Running the evict task with compensationTime 11ms
2025-08-17 16:40:13 - [Eureka-EvictionTimer] INFO  c.n.e.r.AbstractInstanceRegistry   - Running the evict task with compensationTime 3ms
2025-08-17 16:40:23 - [Eureka-EvictionTimer] INFO  c.n.e.r.AbstractInstanceRegistry   - Running the evict task with compensationTime 0ms
2025-08-17 16:40:33 - [Eureka-EvictionTimer] INFO  c.n.e.r.AbstractInstanceRegistry   - Running the evict task with compensationTime 5ms
2025-08-17 16:40:43 - [Eureka-EvictionTimer] INFO  c.n.e.r.AbstractInstanceRegistry   - Running the evict task with compensationTime 1ms
2025-08-17 16:40:53 - [Eureka-EvictionTimer] INFO  c.n.e.r.AbstractInstanceRegistry   - Running the evict task with compensationTime 23ms
2025-08-17 16:41:03 - [Eureka-EvictionTimer] INFO  c.n.e.r.AbstractInstanceRegistry   - Running the evict task with compensationTime 3ms
2025-08-17 16:41:13 - [Eureka-EvictionTimer] INFO  c.n.e.r.AbstractInstanceRegistry   - Running the evict task with compensationTime 3ms
2025-08-17 16:41:23 - [Eureka-EvictionTimer] INFO  c.n.e.r.AbstractInstanceRegistry   - Running the evict task with compensationTime 3ms
2025-08-17 16:41:33 - [Eureka-EvictionTimer] INFO  c.n.e.r.AbstractInstanceRegistry   - Running the evict task with compensationTime 8ms
2025-08-17 16:41:43 - [Eureka-EvictionTimer] INFO  c.n.e.r.AbstractInstanceRegistry   - Running the evict task with compensationTime 1ms
2025-08-17 16:41:53 - [Eureka-EvictionTimer] INFO  c.n.e.r.AbstractInstanceRegistry   - Running the evict task with compensationTime 1ms
2025-08-17 16:42:03 - [Eureka-EvictionTimer] INFO  c.n.e.r.AbstractInstanceRegistry   - Running the evict task with compensationTime 2ms
2025-08-17 16:42:13 - [Eureka-EvictionTimer] INFO  c.n.e.r.AbstractInstanceRegistry   - Running the evict task with compensationTime 9ms
2025-08-17 16:42:23 - [Eureka-EvictionTimer] INFO  c.n.e.r.AbstractInstanceRegistry   - Running the evict task with compensationTime 15ms
2025-08-17 16:42:33 - [Eureka-EvictionTimer] INFO  c.n.e.r.AbstractInstanceRegistry   - Running the evict task with compensationTime 0ms
